--2021-01-19 23:05:16--  https://archive.ics.uci.edu/ml/machine-learning-databases/wine-quality/winequality-red.csv
Carregou certificado CA "/etc/ssl/certs/ca-certificates.crt"
Resolvendo archive.ics.uci.edu (archive.ics.uci.edu)... 128.195.10.252
Conectando-se a archive.ics.uci.edu (archive.ics.uci.edu)|128.195.10.252|:443... conectado.
A requisição HTTP foi enviada, aguardando resposta... 200 OK
Tamanho: 84199 (82K) [application/x-httpd-php]
Salvando em: “winequality-red.csv”

     0K .......... .......... .......... .......... .......... 60%  118K 0s
    50K .......... .......... .......... ..                   100% 5,27M=0,4s

2021-01-19 23:05:17 (191 KB/s) - “winequality-red.csv” salvo [84199/84199]

--2021-01-19 23:05:17--  https://archive.ics.uci.edu/ml/machine-learning-databases/wine-quality/winequality-white.csv
Carregou certificado CA "/etc/ssl/certs/ca-certificates.crt"
Resolvendo archive.ics.uci.edu (archive.ics.uci.edu)... 128.195.10.252
Conectando-se a archive.ics.uci.edu (archive.ics.uci.edu)|128.195.10.252|:443... conectado.
A requisição HTTP foi enviada, aguardando resposta... 200 OK
Tamanho: 264426 (258K) [application/x-httpd-php]
Salvando em: “winequality-white.csv”

     0K .......... .......... .......... .......... .......... 19%  110K 2s
    50K .......... .......... .......... .......... .......... 38%  216K 1s
   100K .......... .......... .......... .......... .......... 58%  479K 1s
   150K .......... .......... .......... .......... .......... 77%  709K 0s
   200K .......... .......... .......... .......... .......... 96%  280K 0s
   250K ........                                              100% 23,1M=1,0s

2021-01-19 23:05:19 (249 KB/s) - “winequality-white.csv” salvo [264426/264426]

--2021-01-19 23:05:19--  https://archive.ics.uci.edu/ml/machine-learning-databases/wine-quality/winequality.names
Carregou certificado CA "/etc/ssl/certs/ca-certificates.crt"
Resolvendo archive.ics.uci.edu (archive.ics.uci.edu)... 128.195.10.252
Conectando-se a archive.ics.uci.edu (archive.ics.uci.edu)|128.195.10.252|:443... conectado.
A requisição HTTP foi enviada, aguardando resposta... 200 OK
Tamanho: 3305 (3,2K) [application/x-httpd-php]
Salvando em: “winequality.names”

     0K ...                                                   100% 44,1M=0s

2021-01-19 23:05:20 (44,1 MB/s) - “winequality.names” salvo [3305/3305]

